2026-03-31 20:03:26,247 - ==================================================
2026-03-31 20:03:26,247 - 知识库监听服务启动
2026-03-31 20:03:26,247 - ==================================================
2026-03-31 20:03:26,247 - 监听启动: F:\雾月督政府\上层\inbox
2026-03-31 20:03:26,264 - 监听中: F:\雾月督政府\上层\inbox
2026-03-31 20:03:26,264 - 按 Ctrl+C 停止
2026-03-31 20:03:56,898 - 捕获: ai_card_20260331200356.json
2026-03-31 20:03:57,199 - 写入成功: 记忆库.md
2026-03-31 20:03:57,199 - 已归档: 20260331200357_ai_card_20260331200356.json
2026-03-31 20:04:41,297 - 捕获: ai_card_20260331200441.json
2026-03-31 20:04:41,597 - 写入成功: 记忆库.md
2026-03-31 20:04:41,597 - 已归档: 20260331200441_ai_card_20260331200441.json
2026-03-31 20:05:02,681 - 捕获: ai_card_20260331200502.json
2026-03-31 20:05:02,985 - 写入成功: 记忆库.md
2026-03-31 20:05:02,985 - 已归档: 20260331200502_ai_card_20260331200502.json
2026-03-31 20:36:46,476 - ==================================================
2026-03-31 20:36:46,477 - 知识库监听服务启动
2026-03-31 20:36:46,477 - ==================================================
2026-03-31 20:36:46,477 - 监听启动: F:\雾月督政府\上层\inbox
2026-03-31 20:36:46,478 - 监听中: F:\雾月督政府\上层\inbox
2026-03-31 20:36:46,478 - 按 Ctrl+C 停止
2026-03-31 20:39:10,602 - ==================================================
2026-03-31 20:39:10,602 - 知识库监听服务启动
2026-03-31 20:39:10,602 - ==================================================
2026-03-31 20:39:10,602 - 监听启动: F:\雾月督政府\上层\inbox
2026-03-31 20:39:10,604 - 监听中: F:\雾月督政府\上层\inbox
2026-03-31 20:39:10,604 - 按 Ctrl+C 停止
2026-03-31 22:15:56,785 - 停止监听
2026-03-31 22:15:56,785 - 服务已退出
